2022-05-29 23:15:45.381 [  ]  INFO 16320 --- [  restartedMain] com.revature.ProjectOneApplication       : Starting ProjectOneApplication using Java 1.8.0_202 on LAPTOP-1J4JKG4H with PID 16320 (C:\Users\anand\IdeaProjects\ProjectOne1\target\classes started by anand in C:\Users\anand\IdeaProjects\ProjectOne1)
2022-05-29 23:15:47.458 [  ]  INFO 16320 --- [  restartedMain] com.revature.ProjectOneApplication       : No active profile set, falling back to default profiles: default
2022-05-29 23:16:00.460 [  ]  INFO 16320 --- [  restartedMain] com.revature.ProjectOneApplication       : Started ProjectOneApplication in 17.914 seconds (JVM running for 19.913)
2022-05-29 23:16:17.142 [ duration=1142, requestId=2509d772-e241-419c-8ce8-173a49943809 ]  INFO 16320 --- [nio-8082-exec-3] com.revature.filters.DurationFilter      : Request has finished processing and took 1142 ms
2022-05-29 23:17:06.859 [ duration=134, requestId=3ae34db3-9c29-4e6d-8409-e3a0489ada0d ]  INFO 16320 --- [nio-8082-exec-4] com.revature.filters.DurationFilter      : Request has finished processing and took 134 ms
2022-05-29 23:17:19.034 [ duration=48, requestId=61e08232-ba63-4071-b04e-8832c1be03d2 ]  INFO 16320 --- [nio-8082-exec-2] com.revature.filters.DurationFilter      : Request has finished processing and took 48 ms
2022-05-29 23:22:03.168 [  ]  INFO 15736 --- [  restartedMain] com.revature.ProjectOneApplication       : Starting ProjectOneApplication using Java 1.8.0_202 on LAPTOP-1J4JKG4H with PID 15736 (C:\Users\anand\IdeaProjects\ProjectOne1\target\classes started by anand in C:\Users\anand\IdeaProjects\ProjectOne1)
2022-05-29 23:22:05.213 [  ]  INFO 15736 --- [  restartedMain] com.revature.ProjectOneApplication       : No active profile set, falling back to default profiles: default
2022-05-29 23:22:17.951 [  ]  INFO 15736 --- [  restartedMain] com.revature.ProjectOneApplication       : Started ProjectOneApplication in 17.587 seconds (JVM running for 19.21)
2022-05-29 23:23:14.507 [ duration=830, requestId=b0361588-0450-41b6-9c0f-fbd362c28766 ]  INFO 15736 --- [nio-8082-exec-1] com.revature.filters.DurationFilter      : Request has finished processing and took 830 ms
2022-05-29 23:24:43.539 [ duration=37, requestId=4e5545d5-3840-4825-8764-12b3cc7e55c8 ]  INFO 15736 --- [nio-8082-exec-8] com.revature.filters.DurationFilter      : Request has finished processing and took 37 ms
2022-05-29 23:25:04.361 [ duration=6, requestId=72746c24-3f06-4547-8254-2ded29c9fb16 ]  INFO 15736 --- [nio-8082-exec-5] com.revature.filters.DurationFilter      : Request has finished processing and took 6 ms
2022-05-29 23:25:18.904 [ duration=477, requestId=884b250b-959a-4756-92a8-4a63d32bab93 ]  INFO 15736 --- [nio-8082-exec-9] com.revature.filters.DurationFilter      : Request has finished processing and took 477 ms
2022-05-29 23:25:28.116 [ duration=27, requestId=a0f1158c-0e03-487f-a6d5-f12d081102a3 ]  INFO 15736 --- [io-8082-exec-10] com.revature.filters.DurationFilter      : Request has finished processing and took 27 ms
2022-05-29 23:26:48.155 [ duration=13, requestId=3f6b0750-353b-4b01-b65e-859ce625dc89 ]  INFO 15736 --- [nio-8082-exec-1] com.revature.filters.DurationFilter      : Request has finished processing and took 13 ms
2022-05-29 23:26:56.525 [ duration=28, requestId=22d6ac7a-f0b8-422b-8b04-1e03f601b407 ]  INFO 15736 --- [nio-8082-exec-4] com.revature.filters.DurationFilter      : Request has finished processing and took 28 ms
2022-05-29 23:45:24.624 [  ]  INFO 13388 --- [  restartedMain] com.revature.ProjectOneApplication       : Starting ProjectOneApplication using Java 1.8.0_202 on LAPTOP-1J4JKG4H with PID 13388 (C:\Users\anand\IdeaProjects\ProjectOne1\target\classes started by anand in C:\Users\anand\IdeaProjects\ProjectOne1)
2022-05-29 23:45:26.684 [  ]  INFO 13388 --- [  restartedMain] com.revature.ProjectOneApplication       : No active profile set, falling back to default profiles: default
2022-05-29 23:45:40.040 [  ]  INFO 13388 --- [  restartedMain] com.revature.ProjectOneApplication       : Started ProjectOneApplication in 18.223 seconds (JVM running for 19.918)
2022-05-29 23:45:52.779 [ duration=786, requestId=9c83e3b9-3dac-4ab4-ad66-86e7988b65cb ]  INFO 13388 --- [nio-8082-exec-2] com.revature.filters.DurationFilter      : Request has finished processing and took 786 ms
2022-05-29 23:47:00.503 [ duration=52, requestId=6d2548e4-f933-474c-9e67-f291f621bae3 ]  INFO 13388 --- [nio-8082-exec-5] com.revature.filters.DurationFilter      : Request has finished processing and took 52 ms
2022-05-29 23:47:18.285 [ duration=103, requestId=9fc5c9d4-5df0-4257-bd04-adb68943d7aa ]  INFO 13388 --- [nio-8082-exec-7] com.revature.filters.DurationFilter      : Request has finished processing and took 103 ms
2022-05-29 23:48:19.171 [ duration=24, requestId=848392f0-5ea0-46d2-9e2e-af5054c83964 ]  INFO 13388 --- [nio-8082-exec-8] com.revature.filters.DurationFilter      : Request has finished processing and took 24 ms
2022-05-29 23:48:30.900 [ duration=4, requestId=bd126a80-a04d-480e-bd5c-1b3173135b33 ]  INFO 13388 --- [nio-8082-exec-9] com.revature.filters.DurationFilter      : Request has finished processing and took 4 ms
2022-05-29 23:48:41.825 [ duration=6, requestId=1b58bcbf-4677-4cd1-8f1d-86f80a08a318 ]  INFO 13388 --- [nio-8082-exec-1] com.revature.filters.DurationFilter      : Request has finished processing and took 6 ms
2022-05-29 23:48:54.779 [ duration=1, requestId=ea47135f-c733-4ba2-a635-f51f89a5849b ]  INFO 13388 --- [nio-8082-exec-2] com.revature.filters.DurationFilter      : Request has finished processing and took 1 ms
2022-05-29 23:49:06.209 [ duration=5, requestId=0bc79ec2-9759-4cce-9505-c6b339b3e8df ]  INFO 13388 --- [nio-8082-exec-3] com.revature.filters.DurationFilter      : Request has finished processing and took 5 ms
2022-05-29 23:49:42.721 [ duration=11, requestId=c49905d7-9607-4536-bd21-88b119ded981 ]  INFO 13388 --- [nio-8082-exec-4] com.revature.filters.DurationFilter      : Request has finished processing and took 11 ms
2022-05-29 23:50:02.236 [ duration=2, requestId=700aa077-cd79-4759-ad05-de5b0f529970 ]  INFO 13388 --- [nio-8082-exec-5] com.revature.filters.DurationFilter      : Request has finished processing and took 2 ms
2022-05-29 23:54:44.060 [  ]  INFO 19832 --- [  restartedMain] com.revature.ProjectOneApplication       : Starting ProjectOneApplication using Java 1.8.0_202 on LAPTOP-1J4JKG4H with PID 19832 (C:\Users\anand\IdeaProjects\ProjectOne1\target\classes started by anand in C:\Users\anand\IdeaProjects\ProjectOne1)
2022-05-29 23:54:46.104 [  ]  INFO 19832 --- [  restartedMain] com.revature.ProjectOneApplication       : No active profile set, falling back to default profiles: default
2022-05-29 23:54:58.319 [  ]  INFO 19832 --- [  restartedMain] com.revature.ProjectOneApplication       : Started ProjectOneApplication in 16.996 seconds (JVM running for 18.575)
2022-05-29 23:55:06.292 [  ]  INFO 9000 --- [  restartedMain] com.revature.ProjectOneApplication       : Starting ProjectOneApplication using Java 1.8.0_202 on LAPTOP-1J4JKG4H with PID 9000 (C:\Users\anand\IdeaProjects\ProjectOne1\target\classes started by anand in C:\Users\anand\IdeaProjects\ProjectOne1)
2022-05-29 23:55:08.335 [  ]  INFO 9000 --- [  restartedMain] com.revature.ProjectOneApplication       : No active profile set, falling back to default profiles: default
2022-05-29 23:55:20.935 [  ]  INFO 9000 --- [  restartedMain] com.revature.ProjectOneApplication       : Started ProjectOneApplication in 17.503 seconds (JVM running for 19.175)
2022-05-29 23:55:28.690 [  ]  INFO 22304 --- [  restartedMain] com.revature.ProjectOneApplication       : Starting ProjectOneApplication using Java 1.8.0_202 on LAPTOP-1J4JKG4H with PID 22304 (C:\Users\anand\IdeaProjects\ProjectOne1\target\classes started by anand in C:\Users\anand\IdeaProjects\ProjectOne1)
2022-05-29 23:55:30.742 [  ]  INFO 22304 --- [  restartedMain] com.revature.ProjectOneApplication       : No active profile set, falling back to default profiles: default
2022-05-29 23:55:43.701 [  ]  INFO 22304 --- [  restartedMain] com.revature.ProjectOneApplication       : Started ProjectOneApplication in 17.864 seconds (JVM running for 19.402)
2022-05-29 23:56:32.799 [ duration=95, requestId=490f8200-197e-4603-a536-1196ec0231dc ]  INFO 22304 --- [nio-8082-exec-1] com.revature.filters.DurationFilter      : Request has finished processing and took 95 ms
2022-05-29 23:56:47.153 [ duration=368, requestId=02f7728c-2ae5-4aab-bdcd-fbcc8bb3d7e4 ]  INFO 22304 --- [nio-8082-exec-4] com.revature.filters.DurationFilter      : Request has finished processing and took 368 ms
2022-05-31 20:15:18.266 [  ]  INFO 7336 --- [  restartedMain] com.revature.ProjectOneApplication       : Starting ProjectOneApplication using Java 1.8.0_202 on LAPTOP-1J4JKG4H with PID 7336 (C:\Users\anand\IdeaProjects\ProjectOne1\target\classes started by anand in C:\Users\anand\IdeaProjects\ProjectOne1)
2022-05-31 20:15:20.320 [  ]  INFO 7336 --- [  restartedMain] com.revature.ProjectOneApplication       : No active profile set, falling back to default profiles: default
2022-05-31 20:15:39.334 [  ]  INFO 7336 --- [  restartedMain] com.revature.ProjectOneApplication       : Started ProjectOneApplication in 24.091 seconds (JVM running for 26.294)
2022-05-31 20:15:57.441 [ duration=1679, requestId=b4c48215-8682-4be0-abe3-4fc477f342ad ]  INFO 7336 --- [nio-8082-exec-3] com.revature.filters.DurationFilter      : Request has finished processing and took 1679 ms
2022-05-31 20:16:21.052 [ duration=312, requestId=d1dceb21-bff8-4633-9893-92f8d21090b8 ]  INFO 7336 --- [nio-8082-exec-5] com.revature.filters.DurationFilter      : Request has finished processing and took 312 ms
2022-05-31 20:17:45.829 [ duration=56, requestId=2a8c0160-8095-4e23-aa30-d4ea4264672f ]  INFO 7336 --- [nio-8082-exec-2] com.revature.filters.DurationFilter      : Request has finished processing and took 56 ms
2022-05-31 20:19:52.534 [ duration=183, requestId=a7495eda-0e7d-47f0-ad94-52efc3c76a45 ]  INFO 7336 --- [nio-8082-exec-4] com.revature.filters.DurationFilter      : Request has finished processing and took 183 ms
2022-05-31 20:20:24.841 [ duration=16, requestId=0a64ef63-7f61-4dee-87b8-a032680b6fab ]  INFO 7336 --- [io-8082-exec-10] com.revature.filters.DurationFilter      : Request has finished processing and took 16 ms
2022-05-31 20:20:34.718 [ duration=15, requestId=140a4c88-e9a7-44c9-8ee3-78151f3a5955 ]  INFO 7336 --- [nio-8082-exec-1] com.revature.filters.DurationFilter      : Request has finished processing and took 15 ms
2022-05-31 20:37:41.672 [ duration=16, requestId=45b13336-2fbe-40b4-915b-e14c64d9325d ]  INFO 7336 --- [nio-8082-exec-5] com.revature.filters.DurationFilter      : Request has finished processing and took 16 ms
2022-05-31 20:37:49.236 [ duration=18, requestId=fd998152-daa5-44cc-9035-6e47c8f39b09 ]  INFO 7336 --- [nio-8082-exec-7] com.revature.filters.DurationFilter      : Request has finished processing and took 18 ms
2022-05-31 20:37:55.659 [ duration=3, requestId=1c1c8623-3746-49c7-8cfc-8f0293aa424c ]  INFO 7336 --- [nio-8082-exec-8] com.revature.filters.DurationFilter      : Request has finished processing and took 3 ms
2022-05-31 20:38:04.166 [ duration=30, requestId=8f5558be-3b45-41da-8f46-787774aee397 ]  INFO 7336 --- [nio-8082-exec-2] com.revature.filters.DurationFilter      : Request has finished processing and took 30 ms
2022-05-31 20:38:39.706 [ duration=15, requestId=bb4760aa-a788-487c-a29d-fe7409d62f80 ]  INFO 7336 --- [nio-8082-exec-9] com.revature.filters.DurationFilter      : Request has finished processing and took 15 ms
2022-05-31 20:38:52.805 [ duration=51, requestId=4440eae7-98d5-4107-9ce6-be74f39e500d ]  INFO 7336 --- [nio-8082-exec-4] com.revature.filters.DurationFilter      : Request has finished processing and took 51 ms
2022-05-31 20:39:05.164 [ duration=11, requestId=559c2fb8-c7df-4733-87f3-157fa02e48ed ]  INFO 7336 --- [io-8082-exec-10] com.revature.filters.DurationFilter      : Request has finished processing and took 11 ms
2022-06-01 09:11:17.229 [  ]  INFO 6912 --- [  restartedMain] com.revature.ProjectOneApplication       : Starting ProjectOneApplication using Java 1.8.0_202 on LAPTOP-1J4JKG4H with PID 6912 (C:\Users\anand\IdeaProjects\ProjectOne1\target\classes started by anand in C:\Users\anand\IdeaProjects\ProjectOne1)
2022-06-01 09:11:19.270 [  ]  INFO 6912 --- [  restartedMain] com.revature.ProjectOneApplication       : No active profile set, falling back to default profiles: default
2022-06-01 09:11:39.557 [  ]  INFO 6912 --- [  restartedMain] com.revature.ProjectOneApplication       : Started ProjectOneApplication in 25.442 seconds (JVM running for 27.824)
2022-06-01 13:17:20.601 [  ]  INFO 19408 --- [  restartedMain] com.revature.ProjectOneApplication       : Starting ProjectOneApplication using Java 1.8.0_202 on LAPTOP-1J4JKG4H with PID 19408 (C:\Users\anand\IdeaProjects\ProjectOne1\target\classes started by anand in C:\Users\anand\IdeaProjects\ProjectOne1)
2022-06-01 13:17:22.660 [  ]  INFO 19408 --- [  restartedMain] com.revature.ProjectOneApplication       : No active profile set, falling back to default profiles: default
2022-06-01 13:17:45.704 [  ]  INFO 19408 --- [  restartedMain] com.revature.ProjectOneApplication       : Started ProjectOneApplication in 28.354 seconds (JVM running for 30.926)
2022-06-01 13:19:17.930 [ duration=1685, requestId=1c7e39a4-e456-4611-bbfc-7cb4ee23e59c ]  INFO 19408 --- [nio-8082-exec-1] com.revature.filters.DurationFilter      : Request has finished processing and took 1685 ms
2022-06-01 22:36:39.462 [  ]  INFO 4856 --- [  restartedMain] com.revature.ProjectOneApplication       : Starting ProjectOneApplication using Java 1.8.0_202 on LAPTOP-1J4JKG4H with PID 4856 (C:\Users\anand\IdeaProjects\ProjectOne1\target\classes started by anand in C:\Users\anand\IdeaProjects\ProjectOne1)
2022-06-01 22:36:41.525 [  ]  INFO 4856 --- [  restartedMain] com.revature.ProjectOneApplication       : No active profile set, falling back to default profiles: default
2022-06-01 22:37:00.349 [  ]  INFO 4856 --- [  restartedMain] com.revature.ProjectOneApplication       : Started ProjectOneApplication in 23.845 seconds (JVM running for 25.952)
2022-06-01 22:37:01.463 [ duration=138, requestId=2ffdba86-cfa1-4273-b8ee-ae1e2ae0c5a5 ]  INFO 4856 --- [nio-8082-exec-1] com.revature.filters.DurationFilter      : Request has finished processing and took 138 ms
2022-06-01 23:16:06.593 [  ]  INFO 4288 --- [  restartedMain] com.revature.ProjectOneApplication       : Starting ProjectOneApplication using Java 1.8.0_202 on LAPTOP-1J4JKG4H with PID 4288 (C:\Users\anand\IdeaProjects\ProjectOne1\target\classes started by anand in C:\Users\anand\IdeaProjects\ProjectOne1)
2022-06-01 23:16:08.645 [  ]  INFO 4288 --- [  restartedMain] com.revature.ProjectOneApplication       : No active profile set, falling back to default profiles: default
2022-06-01 23:18:03.057 [  ]  INFO 5212 --- [  restartedMain] com.revature.ProjectOneApplication       : Starting ProjectOneApplication using Java 1.8.0_202 on LAPTOP-1J4JKG4H with PID 5212 (C:\Users\anand\IdeaProjects\ProjectOne1\target\classes started by anand in C:\Users\anand\IdeaProjects\ProjectOne1)
2022-06-01 23:18:05.131 [  ]  INFO 5212 --- [  restartedMain] com.revature.ProjectOneApplication       : No active profile set, falling back to default profiles: default
2022-06-01 23:21:12.326 [  ]  INFO 13900 --- [  restartedMain] com.revature.ProjectOneApplication       : Starting ProjectOneApplication using Java 1.8.0_202 on LAPTOP-1J4JKG4H with PID 13900 (C:\Users\anand\IdeaProjects\ProjectOne1\target\classes started by anand in C:\Users\anand\IdeaProjects\ProjectOne1)
2022-06-01 23:21:14.372 [  ]  INFO 13900 --- [  restartedMain] com.revature.ProjectOneApplication       : No active profile set, falling back to default profiles: default
2022-06-01 23:29:38.736 [  ]  INFO 26616 --- [  restartedMain] com.revature.ProjectOneApplication       : Starting ProjectOneApplication using Java 1.8.0_202 on LAPTOP-1J4JKG4H with PID 26616 (C:\Users\anand\IdeaProjects\ProjectOne1\target\classes started by anand in C:\Users\anand\IdeaProjects\ProjectOne1)
2022-06-01 23:29:40.783 [  ]  INFO 26616 --- [  restartedMain] com.revature.ProjectOneApplication       : No active profile set, falling back to default profiles: default
2022-06-01 23:29:54.025 [  ]  INFO 26616 --- [  restartedMain] com.revature.ProjectOneApplication       : Started ProjectOneApplication in 18.112 seconds (JVM running for 19.943)
2022-06-01 23:30:04.853 [ duration=85, requestId=ccf731a3-f61c-4b45-a35b-78235dedbd9a ]  INFO 26616 --- [nio-8082-exec-1] com.revature.filters.DurationFilter      : Request has finished processing and took 85 ms
2022-06-01 23:30:22.110 [ duration=4, requestId=538ca7c1-ef9c-4dc3-808b-054256ad3300 ]  INFO 26616 --- [nio-8082-exec-4] com.revature.filters.DurationFilter      : Request has finished processing and took 4 ms
2022-06-01 23:30:26.542 [ duration=369, requestId=7528319b-5752-4f77-a85a-e2664ec5f0b0 ]  INFO 26616 --- [nio-8082-exec-5] com.revature.filters.DurationFilter      : Request has finished processing and took 369 ms
2022-06-01 23:31:05.476 [ duration=32, requestId=e46bdfd7-12ca-48fc-903a-01bad65f17f2 ]  INFO 26616 --- [nio-8082-exec-6] com.revature.filters.DurationFilter      : Request has finished processing and took 32 ms
2022-06-01 23:31:13.841 [ duration=131, requestId=508ccf1c-3f13-411a-86aa-3cb822b592e9 ]  INFO 26616 --- [nio-8082-exec-7] com.revature.filters.DurationFilter      : Request has finished processing and took 131 ms
2022-06-01 23:31:25.755 [ duration=35, requestId=39e423ee-20ab-42ae-b815-0f2cb5123269 ]  INFO 26616 --- [nio-8082-exec-9] com.revature.filters.DurationFilter      : Request has finished processing and took 35 ms
2022-06-01 23:31:37.508 [ duration=22, requestId=31267b8e-56ae-4ab9-81b5-250e37531c88 ]  INFO 26616 --- [nio-8082-exec-8] com.revature.filters.DurationFilter      : Request has finished processing and took 22 ms
2022-06-01 23:31:47.657 [ duration=7, requestId=385863dd-e45f-49f5-aa46-30f510ed6b17 ]  INFO 26616 --- [io-8082-exec-10] com.revature.filters.DurationFilter      : Request has finished processing and took 7 ms
2022-06-01 23:32:55.932 [ duration=53, requestId=807d2979-95be-45d7-a241-35b74ebf5a46 ]  INFO 26616 --- [nio-8082-exec-3] com.revature.filters.DurationFilter      : Request has finished processing and took 53 ms
2022-06-01 23:33:08.579 [ duration=7, requestId=f43fc08a-6fca-4054-b59a-d4fefabc7be8 ]  INFO 26616 --- [nio-8082-exec-4] com.revature.filters.DurationFilter      : Request has finished processing and took 7 ms
2022-06-01 23:33:15.094 [ duration=10, requestId=899e953b-15f0-4fa6-beb0-639591996a9e ]  INFO 26616 --- [nio-8082-exec-5] com.revature.filters.DurationFilter      : Request has finished processing and took 10 ms
2022-06-01 23:58:18.546 [  ]  INFO 20612 --- [  restartedMain] com.revature.ProjectOneApplication       : Starting ProjectOneApplication using Java 1.8.0_202 on LAPTOP-1J4JKG4H with PID 20612 (C:\Users\anand\IdeaProjects\ProjectOne1\target\classes started by anand in C:\Users\anand\IdeaProjects\ProjectOne1)
2022-06-01 23:58:20.592 [  ]  INFO 20612 --- [  restartedMain] com.revature.ProjectOneApplication       : No active profile set, falling back to default profiles: default
2022-06-01 23:58:35.169 [  ]  INFO 20612 --- [  restartedMain] com.revature.ProjectOneApplication       : Started ProjectOneApplication in 19.595 seconds (JVM running for 21.366)
2022-06-01 23:59:40.018 [ duration=783, requestId=25334cd7-53b6-40a6-b3c4-fae8ffd57542 ]  INFO 20612 --- [nio-8082-exec-1] com.revature.filters.DurationFilter      : Request has finished processing and took 783 ms
2022-06-02 00:01:01.841 [ duration=24, requestId=1512c003-bfe7-4694-b896-ce1a5b1c8298 ]  INFO 20612 --- [nio-8082-exec-5] com.revature.filters.DurationFilter      : Request has finished processing and took 24 ms
2022-06-02 00:01:42.571 [ duration=124, requestId=f935d952-345c-4c65-ad4a-7a2392a214ef ]  INFO 20612 --- [nio-8082-exec-6] com.revature.filters.DurationFilter      : Request has finished processing and took 124 ms
2022-06-02 00:02:48.041 [ duration=74, requestId=50fc66c2-a3cc-4d56-9f66-b2057e0e7241 ]  INFO 20612 --- [io-8082-exec-10] com.revature.filters.DurationFilter      : Request has finished processing and took 74 ms
2022-06-02 00:03:18.934 [ duration=70, requestId=04e6cc77-a5d4-45a0-8ddc-832ccba2b3b5 ]  INFO 20612 --- [nio-8082-exec-9] com.revature.filters.DurationFilter      : Request has finished processing and took 70 ms
2022-06-02 14:37:32.421 [  ]  INFO 14264 --- [  restartedMain] com.revature.ProjectOneApplication       : Starting ProjectOneApplication using Java 1.8.0_202 on LAPTOP-1J4JKG4H with PID 14264 (C:\Users\anand\IdeaProjects\ProjectOne1\target\classes started by anand in C:\Users\anand\IdeaProjects\ProjectOne1)
2022-06-02 14:37:34.477 [  ]  INFO 14264 --- [  restartedMain] com.revature.ProjectOneApplication       : No active profile set, falling back to default profiles: default
2022-06-02 14:37:55.445 [  ]  INFO 14264 --- [  restartedMain] com.revature.ProjectOneApplication       : Started ProjectOneApplication in 26.454 seconds (JVM running for 28.779)
2022-06-02 14:38:31.482 [ duration=819, requestId=ee97d6bd-70f3-474d-a41b-2c206958fdb0 ]  INFO 14264 --- [nio-8082-exec-2] com.revature.filters.DurationFilter      : Request has finished processing and took 819 ms
2022-06-02 14:39:37.746 [ duration=32, requestId=a579ac18-49fa-4907-b575-8c0f20d343f7 ]  INFO 14264 --- [nio-8082-exec-5] com.revature.filters.DurationFilter      : Request has finished processing and took 32 ms
2022-06-02 14:39:48.664 [ duration=104, requestId=ed0394f3-4afc-49dd-9495-577ef3fb83c2 ]  INFO 14264 --- [nio-8082-exec-7] com.revature.filters.DurationFilter      : Request has finished processing and took 104 ms
2022-06-02 14:40:11.649 [ duration=111, requestId=d2bd8ca1-19b4-4c85-afbb-b94fcb1a77b8 ]  INFO 14264 --- [nio-8082-exec-6] com.revature.filters.DurationFilter      : Request has finished processing and took 111 ms
2022-06-02 14:47:56.152 [  ]  INFO 15644 --- [  restartedMain] com.revature.ProjectOneApplication       : Starting ProjectOneApplication using Java 1.8.0_202 on LAPTOP-1J4JKG4H with PID 15644 (C:\Users\anand\IdeaProjects\ProjectOne1\target\classes started by anand in C:\Users\anand\IdeaProjects\ProjectOne1)
2022-06-02 14:47:58.197 [  ]  INFO 15644 --- [  restartedMain] com.revature.ProjectOneApplication       : No active profile set, falling back to default profiles: default
2022-06-02 14:48:14.518 [  ]  INFO 15644 --- [  restartedMain] com.revature.ProjectOneApplication       : Started ProjectOneApplication in 21.492 seconds (JVM running for 23.626)
2022-06-02 14:48:52.334 [ duration=1826, requestId=dba7d4c4-d8f3-494f-976a-f298001b5075 ]  INFO 15644 --- [nio-8082-exec-3] com.revature.filters.DurationFilter      : Request has finished processing and took 1826 ms
2022-06-02 14:49:45.037 [ duration=138, requestId=afbf4820-732e-4518-a39e-1bcc93409ab2 ]  INFO 15644 --- [nio-8082-exec-1] com.revature.filters.DurationFilter      : Request has finished processing and took 138 ms
2022-06-02 15:13:14.043 [  ]  INFO 25356 --- [  restartedMain] com.revature.ProjectOneApplication       : Starting ProjectOneApplication using Java 1.8.0_202 on LAPTOP-1J4JKG4H with PID 25356 (C:\Users\anand\IdeaProjects\ProjectOne1\target\classes started by anand in C:\Users\anand\IdeaProjects\ProjectOne1)
2022-06-02 15:13:16.087 [  ]  INFO 25356 --- [  restartedMain] com.revature.ProjectOneApplication       : No active profile set, falling back to default profiles: default
2022-06-02 15:13:32.362 [  ]  INFO 25356 --- [  restartedMain] com.revature.ProjectOneApplication       : Started ProjectOneApplication in 21.282 seconds (JVM running for 23.294)
2022-06-02 15:16:59.160 [ duration=302, requestId=f87a8919-341d-45f5-ae9e-f241b58c70fb ]  INFO 25356 --- [nio-8082-exec-1] com.revature.filters.DurationFilter      : Request has finished processing and took 302 ms
2022-06-02 15:18:11.767 [ duration=375, requestId=1f5011a1-9ff6-4046-8d36-55504213aa3b ]  INFO 25356 --- [nio-8082-exec-7] com.revature.filters.DurationFilter      : Request has finished processing and took 375 ms
2022-06-02 15:18:26.727 [ duration=5, requestId=60bcf949-edf3-4e37-8dbd-186fd231b6d8 ]  INFO 25356 --- [nio-8082-exec-5] com.revature.filters.DurationFilter      : Request has finished processing and took 5 ms
2022-06-02 15:18:56.039 [ duration=112, requestId=1de37a0a-2bf9-439c-9128-9d70e66aff85 ]  INFO 25356 --- [nio-8082-exec-2] com.revature.filters.DurationFilter      : Request has finished processing and took 112 ms
2022-06-02 15:20:03.153 [ duration=7, requestId=c72a2be5-51a2-4f87-a52b-8caf2d69d1f8 ]  INFO 25356 --- [io-8082-exec-10] com.revature.filters.DurationFilter      : Request has finished processing and took 7 ms
2022-06-02 15:20:20.703 [ duration=10, requestId=8d87ea1e-f99e-4629-b031-40e7eb30a85b ]  INFO 25356 --- [nio-8082-exec-3] com.revature.filters.DurationFilter      : Request has finished processing and took 10 ms
2022-06-02 15:20:43.077 [ duration=73, requestId=89e0595a-bccb-4559-b452-6ec64448b121 ]  INFO 25356 --- [nio-8082-exec-1] com.revature.filters.DurationFilter      : Request has finished processing and took 73 ms
2022-06-02 15:24:29.879 [ duration=11, requestId=29b392b9-7c20-4b65-8a90-d2dfa6f35e27 ]  INFO 25356 --- [nio-8082-exec-5] com.revature.filters.DurationFilter      : Request has finished processing and took 11 ms
2022-06-02 15:25:42.077 [ duration=101, requestId=c2526e89-d9e0-41b0-8ad1-c19694078bd2 ]  INFO 25356 --- [nio-8082-exec-9] com.revature.filters.DurationFilter      : Request has finished processing and took 101 ms
2022-06-02 15:28:54.946 [  ]  INFO 24780 --- [  restartedMain] com.revature.ProjectOneApplication       : Starting ProjectOneApplication using Java 1.8.0_202 on LAPTOP-1J4JKG4H with PID 24780 (C:\Users\anand\IdeaProjects\ProjectOne1\target\classes started by anand in C:\Users\anand\IdeaProjects\ProjectOne1)
2022-06-02 15:28:57.221 [  ]  INFO 24780 --- [  restartedMain] com.revature.ProjectOneApplication       : No active profile set, falling back to default profiles: default
2022-06-02 15:29:15.880 [  ]  INFO 24780 --- [  restartedMain] com.revature.ProjectOneApplication       : Started ProjectOneApplication in 24.377 seconds (JVM running for 26.873)
2022-06-02 15:32:36.686 [  ]  INFO 10724 --- [  restartedMain] com.revature.ProjectOneApplication       : Starting ProjectOneApplication using Java 1.8.0_202 on LAPTOP-1J4JKG4H with PID 10724 (C:\Users\anand\IdeaProjects\ProjectOne1\target\classes started by anand in C:\Users\anand\IdeaProjects\ProjectOne1)
2022-06-02 15:32:38.731 [  ]  INFO 10724 --- [  restartedMain] com.revature.ProjectOneApplication       : No active profile set, falling back to default profiles: default
2022-06-02 15:32:59.851 [  ]  INFO 10724 --- [  restartedMain] com.revature.ProjectOneApplication       : Started ProjectOneApplication in 26.241 seconds (JVM running for 28.464)
2022-06-02 15:38:45.135 [ duration=1232, requestId=49060450-da6e-4589-a92c-f136298f1792 ]  INFO 10724 --- [nio-8082-exec-7] com.revature.filters.DurationFilter      : Request has finished processing and took 1232 ms
2022-06-02 15:40:41.983 [ duration=186, requestId=f85ed5be-59cb-491c-9d99-9f2554287216 ]  INFO 10724 --- [io-8082-exec-10] com.revature.filters.DurationFilter      : Request has finished processing and took 186 ms
2022-06-02 15:41:18.265 [ duration=15, requestId=ee800766-788e-495f-9da4-1543f0f7d37e ]  INFO 10724 --- [nio-8082-exec-6] com.revature.filters.DurationFilter      : Request has finished processing and took 15 ms
2022-06-02 15:43:18.911 [  ]  INFO 10472 --- [  restartedMain] com.revature.ProjectOneApplication       : Starting ProjectOneApplication using Java 1.8.0_202 on LAPTOP-1J4JKG4H with PID 10472 (C:\Users\anand\IdeaProjects\ProjectOne1\target\classes started by anand in C:\Users\anand\IdeaProjects\ProjectOne1)
2022-06-02 15:43:20.973 [  ]  INFO 10472 --- [  restartedMain] com.revature.ProjectOneApplication       : No active profile set, falling back to default profiles: default
2022-06-02 15:43:42.650 [  ]  INFO 10472 --- [  restartedMain] com.revature.ProjectOneApplication       : Started ProjectOneApplication in 26.917 seconds (JVM running for 29.033)
2022-06-02 15:43:55.976 [ duration=809, requestId=4b7ed675-eec8-4e87-b900-7ce9cc420e00 ]  INFO 10472 --- [nio-8082-exec-1] com.revature.filters.DurationFilter      : Request has finished processing and took 809 ms
2022-06-02 15:45:02.373 [ duration=210, requestId=686614ca-f83a-4f6b-a2db-e1ec8149694f ]  INFO 10472 --- [nio-8082-exec-5] com.revature.filters.DurationFilter      : Request has finished processing and took 210 ms
2022-06-02 15:45:25.937 [ duration=17, requestId=cdb117f4-dd55-492b-a2ca-5b43f2ffc6fc ]  INFO 10472 --- [nio-8082-exec-6] com.revature.filters.DurationFilter      : Request has finished processing and took 17 ms
2022-06-02 15:57:03.353 [ duration=32, requestId=4c5ebdce-a693-46c1-8039-da9f1c9cea02 ]  INFO 10472 --- [nio-8082-exec-9] com.revature.filters.DurationFilter      : Request has finished processing and took 32 ms
2022-06-02 15:57:31.894 [ duration=38, requestId=82e3a40f-504b-44cc-8af8-dc621786ff0a ]  INFO 10472 --- [io-8082-exec-10] com.revature.filters.DurationFilter      : Request has finished processing and took 38 ms
2022-06-02 15:59:25.567 [ duration=9, requestId=838022c4-a40f-4865-a150-bcd638973f10 ]  INFO 10472 --- [nio-8082-exec-3] com.revature.filters.DurationFilter      : Request has finished processing and took 9 ms
2022-06-02 16:01:22.218 [ duration=12, requestId=88056b4a-2ec6-4a85-9605-8f3b2cde63a9 ]  INFO 10472 --- [nio-8082-exec-4] com.revature.filters.DurationFilter      : Request has finished processing and took 12 ms
2022-06-02 16:03:17.843 [ duration=10, requestId=4b82e320-17d6-448e-8765-b5a91f234d15 ]  INFO 10472 --- [nio-8082-exec-8] com.revature.filters.DurationFilter      : Request has finished processing and took 10 ms
2022-06-02 16:03:56.456 [ duration=5, requestId=383bfdaa-d7b2-475b-9450-5aca0458a57c ]  INFO 10472 --- [nio-8082-exec-9] com.revature.filters.DurationFilter      : Request has finished processing and took 5 ms
2022-06-02 16:04:15.810 [ duration=1, requestId=01e2eea0-c6fd-46b7-802d-956af64e1706 ]  INFO 10472 --- [io-8082-exec-10] com.revature.filters.DurationFilter      : Request has finished processing and took 1 ms
2022-06-02 16:19:55.322 [ duration=22, requestId=5b5becb8-d8b7-4f73-afad-b39428a0befc ]  INFO 10472 --- [nio-8082-exec-3] com.revature.filters.DurationFilter      : Request has finished processing and took 22 ms
2022-06-02 16:22:56.165 [ duration=7, requestId=c7f8c01c-dec3-49bc-98eb-cd2eb6e80fc3 ]  INFO 10472 --- [nio-8082-exec-6] com.revature.filters.DurationFilter      : Request has finished processing and took 7 ms
2022-06-02 16:23:06.840 [ duration=24, requestId=5430dcef-188a-4b1a-9567-679a0bd370d1 ]  INFO 10472 --- [nio-8082-exec-7] com.revature.filters.DurationFilter      : Request has finished processing and took 24 ms
2022-06-02 16:25:12.272 [ duration=14, requestId=32a4740f-83b2-4e00-a6ec-f8831d6cf933 ]  INFO 10472 --- [nio-8082-exec-9] com.revature.filters.DurationFilter      : Request has finished processing and took 14 ms
2022-06-02 16:25:25.979 [ duration=4, requestId=0616528d-bc8d-4b14-8da5-b5d139652f7e ]  INFO 10472 --- [io-8082-exec-10] com.revature.filters.DurationFilter      : Request has finished processing and took 4 ms
2022-06-02 16:25:53.920 [ duration=7, requestId=f78fd12b-0f15-4498-a81f-161e1fa436a7 ]  INFO 10472 --- [nio-8082-exec-1] com.revature.filters.DurationFilter      : Request has finished processing and took 7 ms
2022-06-02 16:26:00.347 [ duration=28, requestId=1c4e3e9c-e3c7-4394-a29f-d086d6354be3 ]  INFO 10472 --- [nio-8082-exec-3] com.revature.filters.DurationFilter      : Request has finished processing and took 28 ms
2022-06-02 16:26:07.507 [ duration=10, requestId=d6bb639f-9d51-4982-af08-470f82dfc8ed ]  INFO 10472 --- [nio-8082-exec-5] com.revature.filters.DurationFilter      : Request has finished processing and took 10 ms
2022-06-02 16:26:15.806 [ duration=6, requestId=4b16be09-956c-4e9f-9eac-53bcd73e653f ]  INFO 10472 --- [nio-8082-exec-6] com.revature.filters.DurationFilter      : Request has finished processing and took 6 ms
2022-06-02 16:26:28.217 [ duration=9, requestId=338e9ea5-01b3-432c-8c4c-cb3b50fa5f67 ]  INFO 10472 --- [nio-8082-exec-8] com.revature.filters.DurationFilter      : Request has finished processing and took 9 ms
2022-06-02 16:27:15.768 [ duration=12, requestId=df0ac79e-5015-45c3-bdd6-cb4409e6accf ]  INFO 10472 --- [nio-8082-exec-9] com.revature.filters.DurationFilter      : Request has finished processing and took 12 ms
2022-06-02 16:32:28.129 [ duration=89, requestId=276f1ba5-d308-4194-849b-4ce6edc197a8 ]  INFO 10472 --- [nio-8082-exec-1] com.revature.filters.DurationFilter      : Request has finished processing and took 89 ms
2022-06-02 16:36:29.209 [ duration=72, requestId=00ebdb43-9d29-4438-b309-6cf9c8d1ae94 ]  INFO 10472 --- [nio-8082-exec-4] com.revature.filters.DurationFilter      : Request has finished processing and took 72 ms
2022-06-02 16:37:28.884 [ duration=17, requestId=d2750c46-7118-4850-84bb-26817a2df93b ]  INFO 10472 --- [nio-8082-exec-6] com.revature.filters.DurationFilter      : Request has finished processing and took 17 ms
2022-06-02 16:42:22.443 [ duration=18, requestId=121ab2c0-592d-40e6-b845-3fc1ca0b973e ]  INFO 10472 --- [nio-8082-exec-9] com.revature.filters.DurationFilter      : Request has finished processing and took 18 ms
2022-06-02 16:44:11.817 [ duration=13, requestId=428bb2f3-be66-40c4-bf42-9a4a01114322 ]  INFO 10472 --- [nio-8082-exec-1] com.revature.filters.DurationFilter      : Request has finished processing and took 13 ms
2022-06-02 16:49:15.949 [ duration=45, requestId=c5689d58-79ad-4aa4-a0b1-da12f28289f5 ]  INFO 10472 --- [nio-8082-exec-4] com.revature.filters.DurationFilter      : Request has finished processing and took 45 ms
2022-06-02 16:49:33.001 [ duration=13, requestId=c27c6bdb-2ffa-4ffe-8032-fcdd91bedd02 ]  INFO 10472 --- [nio-8082-exec-6] com.revature.filters.DurationFilter      : Request has finished processing and took 13 ms
2022-06-02 16:49:40.194 [ duration=12, requestId=84703e94-7655-4f44-a6e4-fdbb1d989ddd ]  INFO 10472 --- [nio-8082-exec-7] com.revature.filters.DurationFilter      : Request has finished processing and took 12 ms
2022-06-02 16:50:41.773 [ duration=18, requestId=1ce6f8ad-d1f8-4193-99e5-3db796cbde38 ]  INFO 10472 --- [io-8082-exec-10] com.revature.filters.DurationFilter      : Request has finished processing and took 18 ms
2022-06-02 16:51:58.531 [ duration=12, requestId=3679dc54-ac46-4b7d-8a8c-b624f75b0ef7 ]  INFO 10472 --- [nio-8082-exec-3] com.revature.filters.DurationFilter      : Request has finished processing and took 12 ms
2022-06-02 16:53:29.438 [ duration=19, requestId=1dfd2e1f-6a6c-434a-a464-bd36a0761163 ]  INFO 10472 --- [nio-8082-exec-6] com.revature.filters.DurationFilter      : Request has finished processing and took 19 ms
2022-06-02 16:54:44.881 [ duration=8, requestId=713d074a-6086-446a-a921-25ec1eabc780 ]  INFO 10472 --- [nio-8082-exec-9] com.revature.filters.DurationFilter      : Request has finished processing and took 8 ms
2022-06-02 16:55:52.894 [ duration=5, requestId=ad047298-638c-40ad-8e1c-eff97f3bf25d ]  INFO 10472 --- [nio-8082-exec-2] com.revature.filters.DurationFilter      : Request has finished processing and took 5 ms
2022-06-02 16:57:31.063 [  ]  INFO 21036 --- [  restartedMain] com.revature.ProjectOneApplication       : Starting ProjectOneApplication using Java 1.8.0_202 on LAPTOP-1J4JKG4H with PID 21036 (C:\Users\anand\IdeaProjects\ProjectOne1\target\classes started by anand in C:\Users\anand\IdeaProjects\ProjectOne1)
2022-06-02 16:57:33.113 [  ]  INFO 21036 --- [  restartedMain] com.revature.ProjectOneApplication       : No active profile set, falling back to default profiles: default
2022-06-02 16:57:48.421 [  ]  INFO 21036 --- [  restartedMain] com.revature.ProjectOneApplication       : Started ProjectOneApplication in 20.257 seconds (JVM running for 22.306)
2022-06-02 16:57:55.568 [ duration=342, requestId=7e69a89c-f99a-4951-99df-2e48d1489a1c ]  INFO 21036 --- [nio-8082-exec-1] com.revature.filters.DurationFilter      : Request has finished processing and took 342 ms
2022-06-02 17:00:19.371 [  ]  INFO 26452 --- [  restartedMain] com.revature.ProjectOneApplication       : Starting ProjectOneApplication using Java 1.8.0_202 on LAPTOP-1J4JKG4H with PID 26452 (C:\Users\anand\IdeaProjects\ProjectOne1\target\classes started by anand in C:\Users\anand\IdeaProjects\ProjectOne1)
2022-06-02 17:00:21.438 [  ]  INFO 26452 --- [  restartedMain] com.revature.ProjectOneApplication       : No active profile set, falling back to default profiles: default
2022-06-02 17:00:35.207 [  ]  INFO 26452 --- [  restartedMain] com.revature.ProjectOneApplication       : Started ProjectOneApplication in 18.768 seconds (JVM running for 20.486)
2022-06-02 17:00:47.346 [ duration=261, requestId=79ea752c-4f07-49ef-b20d-9064920c964d ]  INFO 26452 --- [nio-8082-exec-1] com.revature.filters.DurationFilter      : Request has finished processing and took 261 ms
2022-06-02 17:02:05.578 [  ]  INFO 14112 --- [  restartedMain] com.revature.ProjectOneApplication       : Starting ProjectOneApplication using Java 1.8.0_202 on LAPTOP-1J4JKG4H with PID 14112 (C:\Users\anand\IdeaProjects\ProjectOne1\target\classes started by anand in C:\Users\anand\IdeaProjects\ProjectOne1)
2022-06-02 17:02:07.621 [  ]  INFO 14112 --- [  restartedMain] com.revature.ProjectOneApplication       : No active profile set, falling back to default profiles: default
2022-06-02 17:02:25.989 [  ]  INFO 14112 --- [  restartedMain] com.revature.ProjectOneApplication       : Started ProjectOneApplication in 23.265 seconds (JVM running for 24.938)
2022-06-02 17:02:27.729 [ duration=221, requestId=95feed86-6ed3-4ae6-aedc-7a3b5681830a ]  INFO 14112 --- [nio-8082-exec-1] com.revature.filters.DurationFilter      : Request has finished processing and took 221 ms
2022-06-02 17:03:46.753 [  ]  INFO 19188 --- [  restartedMain] com.revature.ProjectOneApplication       : Starting ProjectOneApplication using Java 1.8.0_202 on LAPTOP-1J4JKG4H with PID 19188 (C:\Users\anand\IdeaProjects\ProjectOne1\target\classes started by anand in C:\Users\anand\IdeaProjects\ProjectOne1)
2022-06-02 17:03:48.816 [  ]  INFO 19188 --- [  restartedMain] com.revature.ProjectOneApplication       : No active profile set, falling back to default profiles: default
2022-06-02 17:04:02.413 [  ]  INFO 19188 --- [  restartedMain] com.revature.ProjectOneApplication       : Started ProjectOneApplication in 18.511 seconds (JVM running for 20.477)
2022-06-02 17:04:14.751 [ duration=355, requestId=36692741-08d0-4efd-be97-e9bbbed979ba ]  INFO 19188 --- [nio-8082-exec-2] com.revature.filters.DurationFilter      : Request has finished processing and took 355 ms
2022-06-02 17:05:57.906 [ duration=335, requestId=b7af55c4-41fc-4ff0-8187-208c88cbc1fd ]  INFO 19188 --- [nio-8082-exec-4] com.revature.filters.DurationFilter      : Request has finished processing and took 335 ms
2022-06-02 17:06:10.371 [ duration=4, requestId=617f043a-c0dc-4f36-8a95-654ef30cadea ]  INFO 19188 --- [nio-8082-exec-5] com.revature.filters.DurationFilter      : Request has finished processing and took 4 ms
2022-06-02 17:06:45.645 [ duration=8, requestId=a9a91b3e-cac7-4516-a067-43d85a8491ef ]  INFO 19188 --- [nio-8082-exec-7] com.revature.filters.DurationFilter      : Request has finished processing and took 8 ms
2022-06-02 17:06:54.819 [ duration=178, requestId=ac6d4746-0a2f-4c0b-8d01-bb7e2428d1ad ]  INFO 19188 --- [nio-8082-exec-8] com.revature.filters.DurationFilter      : Request has finished processing and took 178 ms
2022-06-02 17:09:12.766 [ duration=41, requestId=60b6d321-5a56-4141-b2fd-3baadc691f35 ]  INFO 19188 --- [nio-8082-exec-1] com.revature.filters.DurationFilter      : Request has finished processing and took 41 ms
2022-06-02 17:09:41.261 [ duration=39, requestId=e7c813a4-b0ba-4d24-8017-fa635eb03ddb ]  INFO 19188 --- [nio-8082-exec-2] com.revature.filters.DurationFilter      : Request has finished processing and took 39 ms
2022-06-02 17:09:52.102 [ duration=9, requestId=e54ee9a4-d64a-455c-b5d3-2023985a9bb1 ]  INFO 19188 --- [nio-8082-exec-3] com.revature.filters.DurationFilter      : Request has finished processing and took 9 ms
2022-06-02 17:10:39.383 [ duration=33, requestId=c8623b6c-f638-4cca-91a1-2a8adfeb765b ]  INFO 19188 --- [nio-8082-exec-4] com.revature.filters.DurationFilter      : Request has finished processing and took 33 ms
2022-06-02 17:11:30.181 [ duration=18, requestId=e962af20-7c00-4fc8-ba6e-87a618f46942 ]  INFO 19188 --- [nio-8082-exec-5] com.revature.filters.DurationFilter      : Request has finished processing and took 18 ms
2022-06-02 17:12:55.991 [ duration=31, requestId=0b27a0e5-fc2b-4767-b37d-c22b44483ba5 ]  INFO 19188 --- [nio-8082-exec-8] com.revature.filters.DurationFilter      : Request has finished processing and took 31 ms
2022-06-02 17:14:32.809 [ duration=7, requestId=1ce853ee-4fe7-415e-8060-35afbd776440 ]  INFO 19188 --- [nio-8082-exec-1] com.revature.filters.DurationFilter      : Request has finished processing and took 7 ms
2022-06-02 17:15:48.800 [ duration=8, requestId=df0601a4-923a-4f26-a616-01053b3375b2 ]  INFO 19188 --- [nio-8082-exec-4] com.revature.filters.DurationFilter      : Request has finished processing and took 8 ms
2022-06-02 17:16:30.440 [ duration=13, requestId=90aa86cd-c63a-4ed4-97d4-dd5e306b9d00 ]  INFO 19188 --- [nio-8082-exec-6] com.revature.filters.DurationFilter      : Request has finished processing and took 13 ms
2022-06-02 17:20:56.794 [ duration=7, requestId=063ed637-b80a-4008-9300-3d413094b07d ]  INFO 19188 --- [nio-8082-exec-9] com.revature.filters.DurationFilter      : Request has finished processing and took 7 ms
2022-06-02 17:21:43.680 [ duration=5, requestId=3b961318-0041-4298-9d9a-9fd893d0a092 ]  INFO 19188 --- [io-8082-exec-10] com.revature.filters.DurationFilter      : Request has finished processing and took 5 ms
2022-06-02 21:09:17.294 [ duration=6, requestId=4e7430d3-b549-4347-8c6c-1b5633e3812b ]  INFO 19188 --- [nio-8082-exec-2] com.revature.filters.DurationFilter      : Request has finished processing and took 6 ms
2022-06-02 21:09:35.243 [ duration=19, requestId=4a948c85-e01e-431a-9008-487ba779f8a9 ]  INFO 19188 --- [nio-8082-exec-4] com.revature.filters.DurationFilter      : Request has finished processing and took 19 ms
2022-06-02 21:10:41.939 [ duration=22, requestId=c1a393a1-090f-4d92-885f-a1ff3f9a53c9 ]  INFO 19188 --- [nio-8082-exec-7] com.revature.filters.DurationFilter      : Request has finished processing and took 22 ms
2022-06-02 21:11:41.788 [ duration=4, requestId=126c1fd3-dab4-4043-945b-57efa955d525 ]  INFO 19188 --- [nio-8082-exec-9] com.revature.filters.DurationFilter      : Request has finished processing and took 4 ms
2022-06-02 21:12:26.900 [ duration=12, requestId=835a074e-bc0f-481b-b0f7-acfb3b870de4 ]  INFO 19188 --- [nio-8082-exec-1] com.revature.filters.DurationFilter      : Request has finished processing and took 12 ms
2022-06-02 21:13:34.016 [ duration=8, requestId=02b8c3fb-31de-4015-b73a-1ddaf05c78ed ]  INFO 19188 --- [nio-8082-exec-4] com.revature.filters.DurationFilter      : Request has finished processing and took 8 ms
2022-06-02 21:14:34.495 [ duration=9, requestId=c3a48972-fa70-4305-8131-15f4651ceb3d ]  INFO 19188 --- [nio-8082-exec-6] com.revature.filters.DurationFilter      : Request has finished processing and took 9 ms
2022-06-02 21:14:49.585 [ duration=49, requestId=89a728c5-d1d7-4f3d-9d9a-46041c116f14 ]  INFO 19188 --- [nio-8082-exec-7] com.revature.filters.DurationFilter      : Request has finished processing and took 49 ms
2022-06-02 21:15:01.017 [ duration=9, requestId=5ac3b5d9-e14e-419d-89e0-17843b0a12a8 ]  INFO 19188 --- [nio-8082-exec-8] com.revature.filters.DurationFilter      : Request has finished processing and took 9 ms
2022-06-02 21:15:28.564 [ duration=15, requestId=dc713dc3-ebbc-45f7-89ae-87c7cd7fea66 ]  INFO 19188 --- [nio-8082-exec-9] com.revature.filters.DurationFilter      : Request has finished processing and took 15 ms
2022-06-02 22:45:23.547 [  ]  INFO 24260 --- [  restartedMain] com.revature.ProjectOneApplication       : Starting ProjectOneApplication using Java 1.8.0_202 on LAPTOP-1J4JKG4H with PID 24260 (C:\Users\anand\IdeaProjects\ProjectOne1\target\classes started by anand in C:\Users\anand\IdeaProjects\ProjectOne1)
2022-06-02 22:45:25.602 [  ]  INFO 24260 --- [  restartedMain] com.revature.ProjectOneApplication       : No active profile set, falling back to default profiles: default
2022-06-02 22:45:41.962 [  ]  INFO 24260 --- [  restartedMain] com.revature.ProjectOneApplication       : Started ProjectOneApplication in 21.481 seconds (JVM running for 23.545)
2022-06-02 22:47:07.719 [ duration=122, requestId=1e3c23b9-62d3-4a37-9596-b7ba93513b07 ]  INFO 24260 --- [nio-8082-exec-1] com.revature.filters.DurationFilter      : Request has finished processing and took 122 ms
2022-06-02 22:47:24.202 [ duration=58, requestId=7f603194-28a3-495a-a2da-55add0120e53 ]  INFO 24260 --- [nio-8082-exec-6] com.revature.filters.DurationFilter      : Request has finished processing and took 58 ms
2022-06-02 22:52:02.638 [  ]  INFO 2664 --- [  restartedMain] com.revature.ProjectOneApplication       : Starting ProjectOneApplication using Java 1.8.0_202 on LAPTOP-1J4JKG4H with PID 2664 (C:\Users\anand\IdeaProjects\ProjectOne1\target\classes started by anand in C:\Users\anand\IdeaProjects\ProjectOne1)
2022-06-02 22:52:04.701 [  ]  INFO 2664 --- [  restartedMain] com.revature.ProjectOneApplication       : No active profile set, falling back to default profiles: default
2022-06-02 22:52:16.540 [  ]  INFO 2664 --- [  restartedMain] com.revature.ProjectOneApplication       : Started ProjectOneApplication in 16.689 seconds (JVM running for 18.367)
2022-06-02 22:55:21.098 [ duration=198, requestId=ab1858c6-a956-4fcd-b6d3-4d638ba4bf5f ]  INFO 2664 --- [nio-8082-exec-1] com.revature.filters.DurationFilter      : Request has finished processing and took 198 ms
2022-06-02 23:01:18.046 [ duration=403, requestId=d32feff0-4e26-4e84-80b1-a68c67344c64 ]  INFO 2664 --- [nio-8082-exec-7] com.revature.filters.DurationFilter      : Request has finished processing and took 403 ms
2022-06-02 23:03:07.555 [  ]  INFO 16864 --- [  restartedMain] com.revature.ProjectOneApplication       : Starting ProjectOneApplication using Java 1.8.0_202 on LAPTOP-1J4JKG4H with PID 16864 (C:\Users\anand\IdeaProjects\ProjectOne1\target\classes started by anand in C:\Users\anand\IdeaProjects\ProjectOne1)
2022-06-02 23:03:09.607 [  ]  INFO 16864 --- [  restartedMain] com.revature.ProjectOneApplication       : No active profile set, falling back to default profiles: default
2022-06-02 23:03:27.930 [  ]  INFO 16864 --- [  restartedMain] com.revature.ProjectOneApplication       : Started ProjectOneApplication in 23.439 seconds (JVM running for 25.546)
2022-06-02 23:03:48.210 [ duration=385, requestId=fe26dcc3-65b2-4b2a-8194-a09949abc038 ]  INFO 16864 --- [nio-8082-exec-3] com.revature.filters.DurationFilter      : Request has finished processing and took 385 ms
2022-06-02 23:03:59.556 [ duration=509, requestId=e0b8839c-be69-489f-bb0a-a3b2cacb385a ]  INFO 16864 --- [nio-8082-exec-2] com.revature.filters.DurationFilter      : Request has finished processing and took 509 ms
2022-06-02 23:04:10.803 [ duration=5, requestId=8470630c-0361-48e5-9a30-88fac93bee6d ]  INFO 16864 --- [nio-8082-exec-5] com.revature.filters.DurationFilter      : Request has finished processing and took 5 ms
2022-06-02 23:05:27.542 [ duration=14, requestId=bcc41057-a45a-4ecf-8e87-8c65f317ad46 ]  INFO 16864 --- [nio-8082-exec-6] com.revature.filters.DurationFilter      : Request has finished processing and took 14 ms
2022-06-02 23:05:36.971 [ duration=194, requestId=557cf7fc-373e-4b41-a867-1cc30b3fa8c8 ]  INFO 16864 --- [nio-8082-exec-8] com.revature.filters.DurationFilter      : Request has finished processing and took 194 ms
2022-06-02 23:06:13.493 [ duration=15, requestId=38a4cae5-9861-48f8-ac26-6605b4255f5b ]  INFO 16864 --- [nio-8082-exec-9] com.revature.filters.DurationFilter      : Request has finished processing and took 15 ms
2022-06-02 23:08:29.128 [ duration=8, requestId=f57e7f24-0794-48fe-82da-7ce8dff5b556 ]  INFO 16864 --- [nio-8082-exec-3] com.revature.filters.DurationFilter      : Request has finished processing and took 8 ms
2022-06-02 23:08:58.337 [ duration=11, requestId=36cfe0d8-bc50-4f02-845b-cf7d02a6eccf ]  INFO 16864 --- [nio-8082-exec-2] com.revature.filters.DurationFilter      : Request has finished processing and took 11 ms
2022-06-02 23:09:14.632 [ duration=45, requestId=12bcaa6b-4d19-4c43-82b7-b0d1fb30d8b5 ]  INFO 16864 --- [nio-8082-exec-5] com.revature.filters.DurationFilter      : Request has finished processing and took 45 ms
2022-06-02 23:10:27.424 [ duration=4, requestId=aaf73308-e641-45e8-9fc9-da5396028535 ]  INFO 16864 --- [nio-8082-exec-8] com.revature.filters.DurationFilter      : Request has finished processing and took 4 ms
2022-06-02 23:11:39.396 [ duration=10, requestId=bf0c2d62-6843-41d4-8c13-8c6aaacef3b6 ]  INFO 16864 --- [io-8082-exec-10] com.revature.filters.DurationFilter      : Request has finished processing and took 10 ms
2022-06-02 23:12:05.977 [ duration=25, requestId=24f12dcc-6c0c-4fa0-80f4-efc36ad45bab ]  INFO 16864 --- [nio-8082-exec-1] com.revature.filters.DurationFilter      : Request has finished processing and took 25 ms
2022-06-02 23:12:28.701 [ duration=10, requestId=2f98b4d7-1e43-4ae5-978a-4913adec164a ]  INFO 16864 --- [nio-8082-exec-4] com.revature.filters.DurationFilter      : Request has finished processing and took 10 ms
2022-06-02 23:13:01.295 [ duration=7, requestId=7462d592-659c-4f14-bf1e-8573e8812157 ]  INFO 16864 --- [nio-8082-exec-5] com.revature.filters.DurationFilter      : Request has finished processing and took 7 ms
2022-06-02 23:13:22.134 [ duration=11, requestId=6cb7b662-6033-438c-851d-0a6e0a2dc15a ]  INFO 16864 --- [nio-8082-exec-6] com.revature.filters.DurationFilter      : Request has finished processing and took 11 ms
2022-06-02 23:13:27.932 [ duration=3, requestId=e503963c-8725-4421-8dd6-cdbed0f1d84e ]  INFO 16864 --- [nio-8082-exec-9] com.revature.filters.DurationFilter      : Request has finished processing and took 3 ms
2022-06-02 23:13:36.507 [ duration=8, requestId=fe63729e-f9a0-4ce2-807a-49646ead3bcd ]  INFO 16864 --- [nio-8082-exec-1] com.revature.filters.DurationFilter      : Request has finished processing and took 8 ms
2022-06-02 23:13:52.530 [ duration=14, requestId=ad25a09b-a88a-464c-9cae-3c03ee7f0349 ]  INFO 16864 --- [nio-8082-exec-3] com.revature.filters.DurationFilter      : Request has finished processing and took 14 ms
2022-06-02 23:14:21.641 [ duration=9, requestId=e8fb6a5b-a38e-4e12-91ad-8ef1fee55872 ]  INFO 16864 --- [nio-8082-exec-4] com.revature.filters.DurationFilter      : Request has finished processing and took 9 ms
2022-06-02 23:14:29.831 [ duration=8, requestId=0fe2afcb-34d3-4c46-8417-7517a9816614 ]  INFO 16864 --- [nio-8082-exec-2] com.revature.filters.DurationFilter      : Request has finished processing and took 8 ms
2022-06-02 23:17:01.144 [  ]  INFO 19664 --- [  restartedMain] com.revature.ProjectOneApplication       : Starting ProjectOneApplication using Java 1.8.0_202 on LAPTOP-1J4JKG4H with PID 19664 (C:\Users\anand\IdeaProjects\ProjectOne1\target\classes started by anand in C:\Users\anand\IdeaProjects\ProjectOne1)
2022-06-02 23:17:03.212 [  ]  INFO 19664 --- [  restartedMain] com.revature.ProjectOneApplication       : No active profile set, falling back to default profiles: default
2022-06-02 23:17:18.556 [  ]  INFO 19664 --- [  restartedMain] com.revature.ProjectOneApplication       : Started ProjectOneApplication in 20.37 seconds (JVM running for 21.894)
2022-06-02 23:18:30.170 [  ]  INFO 16756 --- [  restartedMain] com.revature.ProjectOneApplication       : Starting ProjectOneApplication using Java 1.8.0_202 on LAPTOP-1J4JKG4H with PID 16756 (C:\Users\anand\IdeaProjects\ProjectOne1\target\classes started by anand in C:\Users\anand\IdeaProjects\ProjectOne1)
2022-06-02 23:18:32.225 [  ]  INFO 16756 --- [  restartedMain] com.revature.ProjectOneApplication       : No active profile set, falling back to default profiles: default
2022-06-02 23:18:49.282 [  ]  INFO 16756 --- [  restartedMain] com.revature.ProjectOneApplication       : Started ProjectOneApplication in 22.046 seconds (JVM running for 23.864)
2022-06-02 23:20:06.350 [  ]  INFO 11224 --- [  restartedMain] com.revature.ProjectOneApplication       : Starting ProjectOneApplication using Java 1.8.0_202 on LAPTOP-1J4JKG4H with PID 11224 (C:\Users\anand\IdeaProjects\ProjectOne1\target\classes started by anand in C:\Users\anand\IdeaProjects\ProjectOne1)
2022-06-02 23:20:08.411 [  ]  INFO 11224 --- [  restartedMain] com.revature.ProjectOneApplication       : No active profile set, falling back to default profiles: default
2022-06-02 23:20:21.248 [  ]  INFO 11224 --- [  restartedMain] com.revature.ProjectOneApplication       : Started ProjectOneApplication in 17.668 seconds (JVM running for 19.213)
2022-06-02 23:21:03.448 [ duration=136, requestId=c551ef79-d32b-4173-b46c-2b20614b1750 ]  INFO 11224 --- [nio-8082-exec-1] com.revature.filters.DurationFilter      : Request has finished processing and took 136 ms
2022-06-02 23:21:14.550 [ duration=693, requestId=c3ff76b9-769d-4537-b318-7013affb51eb ]  INFO 11224 --- [nio-8082-exec-5] com.revature.filters.DurationFilter      : Request has finished processing and took 693 ms
2022-06-02 23:21:19.667 [ duration=269, requestId=7ce1fc42-04b0-4906-b7aa-f5192861a41e ]  INFO 11224 --- [nio-8082-exec-4] com.revature.filters.DurationFilter      : Request has finished processing and took 269 ms
2022-06-02 23:22:40.663 [ duration=11, requestId=90b520ac-f2e1-4623-8e41-98d303207cc3 ]  INFO 11224 --- [nio-8082-exec-8] com.revature.filters.DurationFilter      : Request has finished processing and took 11 ms
2022-06-02 23:24:24.147 [ duration=11, requestId=996a0a1a-b239-42e9-bd35-00f457c9d14e ]  INFO 11224 --- [nio-8082-exec-3] com.revature.filters.DurationFilter      : Request has finished processing and took 11 ms
2022-06-02 23:25:49.553 [ duration=7, requestId=54428cf2-8192-4a60-ae95-69ae8364195b ]  INFO 11224 --- [nio-8082-exec-5] com.revature.filters.DurationFilter      : Request has finished processing and took 7 ms
2022-06-02 23:26:15.325 [ duration=7, requestId=201b2810-acf3-4369-8ed6-fa06ef338242 ]  INFO 11224 --- [nio-8082-exec-4] com.revature.filters.DurationFilter      : Request has finished processing and took 7 ms
2022-06-02 23:26:27.954 [ duration=11, requestId=4bfe4be7-1951-49f5-8697-06ee73abb26a ]  INFO 11224 --- [nio-8082-exec-6] com.revature.filters.DurationFilter      : Request has finished processing and took 11 ms
2022-06-02 23:26:40.667 [ duration=13, requestId=cd96bbc6-7365-4ab3-a4aa-7d79a7e1ebb0 ]  INFO 11224 --- [nio-8082-exec-7] com.revature.filters.DurationFilter      : Request has finished processing and took 13 ms
2022-06-02 23:28:09.096 [ duration=6, requestId=4218433e-f6bb-4c5c-a40b-49bae40cc27c ]  INFO 11224 --- [io-8082-exec-10] com.revature.filters.DurationFilter      : Request has finished processing and took 6 ms
2022-06-02 23:28:23.210 [ duration=14, requestId=bf21e84a-0710-4677-950e-06b758f48ee8 ]  INFO 11224 --- [nio-8082-exec-3] com.revature.filters.DurationFilter      : Request has finished processing and took 14 ms
2022-06-02 23:28:30.673 [ duration=6, requestId=181469a8-938c-4370-b11a-523f9c152d16 ]  INFO 11224 --- [nio-8082-exec-1] com.revature.filters.DurationFilter      : Request has finished processing and took 6 ms
2022-06-02 23:29:23.717 [ duration=14, requestId=0478ede2-b973-46e0-bf28-8b7f7ccaf5b6 ]  INFO 11224 --- [nio-8082-exec-2] com.revature.filters.DurationFilter      : Request has finished processing and took 14 ms
2022-06-02 23:29:33.542 [ duration=3, requestId=3988fb87-308d-4b78-b973-e8b4d9180d09 ]  INFO 11224 --- [nio-8082-exec-5] com.revature.filters.DurationFilter      : Request has finished processing and took 3 ms
2022-06-02 23:29:44.827 [ duration=6, requestId=6e2ecde0-e598-4068-8ac6-bfdc068337f6 ]  INFO 11224 --- [nio-8082-exec-4] com.revature.filters.DurationFilter      : Request has finished processing and took 6 ms
2022-06-02 23:29:46.395 [ duration=1, requestId=b91676d0-ef92-4176-b2b1-2683a8570c96 ]  INFO 11224 --- [nio-8082-exec-6] com.revature.filters.DurationFilter      : Request has finished processing and took 1 ms
2022-06-02 23:32:23.935 [ duration=4, requestId=f343ad8c-5303-4a38-b674-8b78d121b441 ]  INFO 11224 --- [nio-8082-exec-9] com.revature.filters.DurationFilter      : Request has finished processing and took 4 ms
2022-06-02 23:32:32.695 [ duration=13, requestId=2be432ad-8dc1-45b2-9afb-5171721bdf3d ]  INFO 11224 --- [io-8082-exec-10] com.revature.filters.DurationFilter      : Request has finished processing and took 13 ms
2022-06-02 23:32:40.782 [ duration=3, requestId=f6437612-e399-4a24-9708-8712d238a194 ]  INFO 11224 --- [nio-8082-exec-3] com.revature.filters.DurationFilter      : Request has finished processing and took 3 ms
2022-06-02 23:33:13.619 [ duration=8, requestId=583bf1d6-e06b-41ee-8757-d9332ef8a6e3 ]  INFO 11224 --- [nio-8082-exec-1] com.revature.filters.DurationFilter      : Request has finished processing and took 8 ms
2022-06-02 23:33:37.429 [ duration=2, requestId=6c4e8ebd-167c-44f8-95b3-e72d695d0ce6 ]  INFO 11224 --- [nio-8082-exec-2] com.revature.filters.DurationFilter      : Request has finished processing and took 2 ms
2022-06-02 23:33:42.630 [ duration=12, requestId=e11f27c1-122c-4317-8f2c-89901920a8ae ]  INFO 11224 --- [nio-8082-exec-5] com.revature.filters.DurationFilter      : Request has finished processing and took 12 ms
2022-06-02 23:33:48.355 [ duration=3, requestId=8eaa193b-294d-45fa-9832-d2afc475bcb2 ]  INFO 11224 --- [nio-8082-exec-4] com.revature.filters.DurationFilter      : Request has finished processing and took 3 ms
2022-06-02 23:34:54.764 [ duration=9, requestId=c7b3a365-6b15-4686-bc1e-fd116f9189dd ]  INFO 11224 --- [nio-8082-exec-8] com.revature.filters.DurationFilter      : Request has finished processing and took 9 ms
2022-06-02 23:35:00.479 [ duration=2, requestId=00691d39-02e8-4daa-9c7d-28b75c01ab5a ]  INFO 11224 --- [nio-8082-exec-9] com.revature.filters.DurationFilter      : Request has finished processing and took 2 ms
2022-06-02 23:35:03.425 [ duration=3, requestId=0061165e-aee3-42cb-92ae-769d99f96262 ]  INFO 11224 --- [io-8082-exec-10] com.revature.filters.DurationFilter      : Request has finished processing and took 3 ms
2022-06-02 23:35:31.798 [ duration=14, requestId=8e6beb11-9b21-4c87-904e-284ed95a1e4a ]  INFO 11224 --- [nio-8082-exec-3] com.revature.filters.DurationFilter      : Request has finished processing and took 14 ms
2022-06-03 22:41:47.021 [  ]  INFO 15120 --- [  restartedMain] com.revature.ProjectOneApplication       : Starting ProjectOneApplication using Java 1.8.0_202 on LAPTOP-1J4JKG4H with PID 15120 (C:\Users\anand\IdeaProjects\ProjectOne1\target\classes started by anand in C:\Users\anand\IdeaProjects\ProjectOne1)
2022-06-03 22:41:49.057 [  ]  INFO 15120 --- [  restartedMain] com.revature.ProjectOneApplication       : No active profile set, falling back to default profiles: default
2022-06-03 22:41:59.884 [  ]  INFO 15120 --- [  restartedMain] com.revature.ProjectOneApplication       : Started ProjectOneApplication in 15.903 seconds (JVM running for 17.57)
2022-06-03 22:42:34.494 [ duration=876, requestId=bab8db53-e0b2-4c6a-b373-a7e58e614da7 ]  INFO 15120 --- [nio-8082-exec-2] com.revature.filters.DurationFilter      : Request has finished processing and took 876 ms
2022-06-03 22:52:18.130 [  ]  INFO 15120 --- [  restartedMain] com.revature.ProjectOneApplication       : Starting ProjectOneApplication using Java 1.8.0_202 on LAPTOP-1J4JKG4H with PID 15120 (C:\Users\anand\IdeaProjects\ProjectOne1\target\classes started by anand in C:\Users\anand\IdeaProjects\ProjectOne1)
2022-06-03 22:52:20.136 [  ]  INFO 15120 --- [  restartedMain] com.revature.ProjectOneApplication       : No active profile set, falling back to default profiles: default
2022-06-03 22:52:27.209 [  ]  INFO 15120 --- [  restartedMain] com.revature.ProjectOneApplication       : Started ProjectOneApplication in 11.508 seconds (JVM running for 644.894)
2022-06-03 22:55:38.026 [  ]  INFO 15120 --- [  restartedMain] com.revature.ProjectOneApplication       : Starting ProjectOneApplication using Java 1.8.0_202 on LAPTOP-1J4JKG4H with PID 15120 (C:\Users\anand\IdeaProjects\ProjectOne1\target\classes started by anand in C:\Users\anand\IdeaProjects\ProjectOne1)
2022-06-03 22:55:40.042 [  ]  INFO 15120 --- [  restartedMain] com.revature.ProjectOneApplication       : No active profile set, falling back to default profiles: default
2022-06-03 23:17:55.880 [  ]  INFO 15120 --- [  restartedMain] com.revature.ProjectOneApplication       : Starting ProjectOneApplication using Java 1.8.0_202 on LAPTOP-1J4JKG4H with PID 15120 (C:\Users\anand\IdeaProjects\ProjectOne1\target\classes started by anand in C:\Users\anand\IdeaProjects\ProjectOne1)
2022-06-03 23:17:57.896 [  ]  INFO 15120 --- [  restartedMain] com.revature.ProjectOneApplication       : No active profile set, falling back to default profiles: default
2022-06-03 23:18:00.457 [  ]  INFO 15120 --- [  restartedMain] com.revature.ProjectOneApplication       : Started ProjectOneApplication in 6.65 seconds (JVM running for 2178.142)
2022-06-03 23:21:00.371 [  ]  INFO 15120 --- [  restartedMain] com.revature.ProjectOneApplication       : Starting ProjectOneApplication using Java 1.8.0_202 on LAPTOP-1J4JKG4H with PID 15120 (C:\Users\anand\IdeaProjects\ProjectOne1\target\classes started by anand in C:\Users\anand\IdeaProjects\ProjectOne1)
2022-06-03 23:21:02.385 [  ]  INFO 15120 --- [  restartedMain] com.revature.ProjectOneApplication       : No active profile set, falling back to default profiles: default
2022-06-04 10:23:57.494 [  ]  INFO 20860 --- [  restartedMain] com.revature.ProjectOneApplication       : Starting ProjectOneApplication using Java 1.8.0_202 on LAPTOP-1J4JKG4H with PID 20860 (C:\Users\anand\IdeaProjects\ProjectOne1\target\classes started by anand in C:\Users\anand\IdeaProjects\ProjectOne1)
2022-06-04 10:23:59.519 [  ]  INFO 20860 --- [  restartedMain] com.revature.ProjectOneApplication       : No active profile set, falling back to default profiles: default
2022-06-04 10:33:25.119 [  ]  INFO 3084 --- [  restartedMain] com.revature.ProjectOneApplication       : Starting ProjectOneApplication using Java 1.8.0_202 on LAPTOP-1J4JKG4H with PID 3084 (C:\Users\anand\IdeaProjects\ProjectOne1\target\classes started by anand in C:\Users\anand\IdeaProjects\ProjectOne1)
2022-06-04 10:33:27.154 [  ]  INFO 3084 --- [  restartedMain] com.revature.ProjectOneApplication       : No active profile set, falling back to default profiles: default
2022-06-04 10:36:11.926 [  ]  INFO 25168 --- [  restartedMain] com.revature.ProjectOneApplication       : Starting ProjectOneApplication using Java 1.8.0_202 on LAPTOP-1J4JKG4H with PID 25168 (C:\Users\anand\IdeaProjects\ProjectOne1\target\classes started by anand in C:\Users\anand\IdeaProjects\ProjectOne1)
2022-06-04 10:36:13.955 [  ]  INFO 25168 --- [  restartedMain] com.revature.ProjectOneApplication       : No active profile set, falling back to default profiles: default
2022-06-04 10:36:56.038 [  ]  INFO 14512 --- [           main] com.revature.DemoApplicationTests        : Starting DemoApplicationTests using Java 1.8.0_202 on LAPTOP-1J4JKG4H with PID 14512 (started by anand in C:\Users\anand\IdeaProjects\ProjectOne1)
2022-06-04 10:36:58.083 [  ]  INFO 14512 --- [           main] com.revature.DemoApplicationTests        : No active profile set, falling back to default profiles: default
2022-06-04 10:37:54.126 [  ]  INFO 7020 --- [  restartedMain] com.revature.ProjectOneApplication       : Starting ProjectOneApplication using Java 1.8.0_202 on LAPTOP-1J4JKG4H with PID 7020 (C:\Users\anand\IdeaProjects\ProjectOne1\target\classes started by anand in C:\Users\anand\IdeaProjects\ProjectOne1)
2022-06-04 10:37:56.160 [  ]  INFO 7020 --- [  restartedMain] com.revature.ProjectOneApplication       : No active profile set, falling back to default profiles: default
2022-06-04 11:27:45.551 [  ]  INFO 10316 --- [  restartedMain] com.revature.ProjectOneApplication       : Starting ProjectOneApplication using Java 1.8.0_202 on LAPTOP-1J4JKG4H with PID 10316 (C:\Users\anand\IdeaProjects\ProjectOne1\target\classes started by anand in C:\Users\anand\IdeaProjects\ProjectOne1)
2022-06-04 11:27:47.580 [  ]  INFO 10316 --- [  restartedMain] com.revature.ProjectOneApplication       : No active profile set, falling back to default profiles: default
2022-06-06 13:35:39.956 [  ]  INFO 20472 --- [  restartedMain] com.revature.ProjectOneApplication       : Starting ProjectOneApplication using Java 1.8.0_202 on LAPTOP-1J4JKG4H with PID 20472 (C:\Users\anand\IdeaProjects\ProjectOne1\target\classes started by anand in C:\Users\anand\IdeaProjects\ProjectOne1)
2022-06-06 13:35:42.257 [  ]  INFO 20472 --- [  restartedMain] com.revature.ProjectOneApplication       : No active profile set, falling back to default profiles: default
2022-06-06 13:36:11.992 [  ]  INFO 20472 --- [  restartedMain] com.revature.ProjectOneApplication       : Started ProjectOneApplication in 36.041 seconds (JVM running for 40.036)
2022-06-06 13:36:30.295 [ duration=180, requestId=cd5ab298-d124-41ae-9ad5-92ce4116a3a1 ]  INFO 20472 --- [nio-8082-exec-1] com.revature.filters.DurationFilter      : Request has finished processing and took 180 ms
2022-06-06 13:36:57.876 [ duration=1173, requestId=b0146afc-b840-464f-97ef-c2d843c8d470 ]  INFO 20472 --- [nio-8082-exec-3] com.revature.filters.DurationFilter      : Request has finished processing and took 1173 ms
2022-06-06 13:37:09.573 [ duration=177, requestId=e60e78ca-7640-4b7a-87b4-aec1024146e1 ]  INFO 20472 --- [nio-8082-exec-4] com.revature.filters.DurationFilter      : Request has finished processing and took 177 ms
2022-06-07 08:40:49.853 [  ]  INFO 16628 --- [  restartedMain] com.revature.ProjectOneApplication       : Starting ProjectOneApplication using Java 1.8.0_202 on LAPTOP-1J4JKG4H with PID 16628 (C:\Users\anand\IdeaProjects\ProjectOne1\target\classes started by anand in C:\Users\anand\IdeaProjects\ProjectOne1)
2022-06-07 08:40:51.924 [  ]  INFO 16628 --- [  restartedMain] com.revature.ProjectOneApplication       : No active profile set, falling back to default profiles: default
2022-06-07 08:41:04.708 [  ]  INFO 16628 --- [  restartedMain] com.revature.ProjectOneApplication       : Started ProjectOneApplication in 17.597 seconds (JVM running for 18.915)
2022-06-07 08:51:41.647 [  ]  INFO 2452 --- [           main] com.revature.DemoApplicationTests        : Starting DemoApplicationTests using Java 1.8.0_202 on LAPTOP-1J4JKG4H with PID 2452 (started by anand in C:\Users\anand\IdeaProjects\ProjectOne1)
2022-06-07 08:51:43.704 [  ]  INFO 2452 --- [           main] com.revature.DemoApplicationTests        : No active profile set, falling back to default profiles: default
2022-06-07 08:51:52.550 [  ]  INFO 2452 --- [           main] com.revature.DemoApplicationTests        : Started DemoApplicationTests in 13.487 seconds (JVM running for 15.035)
2022-06-07 08:55:22.672 [  ]  INFO 5628 --- [           main] com.revature.DemoApplicationTests        : Starting DemoApplicationTests using Java 1.8.0_202 on LAPTOP-1J4JKG4H with PID 5628 (started by anand in C:\Users\anand\IdeaProjects\ProjectOne1)
2022-06-07 08:55:24.723 [  ]  INFO 5628 --- [           main] com.revature.DemoApplicationTests        : No active profile set, falling back to default profiles: default
2022-06-07 08:55:33.459 [  ]  INFO 5628 --- [           main] com.revature.DemoApplicationTests        : Started DemoApplicationTests in 13.262 seconds (JVM running for 14.671)
2022-06-07 12:10:03.456 [ duration=266, requestId=ce4c3453-49a3-4578-8a4d-2e9854e83fa7 ]  INFO 16628 --- [nio-8082-exec-2] com.revature.filters.DurationFilter      : Request has finished processing and took 266 ms
2022-06-07 12:10:14.155 [ duration=622, requestId=ee47f646-71e0-411c-a67d-34e5f92f6386 ]  INFO 16628 --- [nio-8082-exec-3] com.revature.filters.DurationFilter      : Request has finished processing and took 622 ms
2022-06-07 12:52:24.543 [ duration=33, requestId=6488af48-8523-4ca1-aae6-5ea10d9840da ]  INFO 16628 --- [nio-8082-exec-7] com.revature.filters.DurationFilter      : Request has finished processing and took 33 ms
2022-06-07 14:12:01.883 [  ]  INFO 18292 --- [  restartedMain] com.revature.ProjectOneApplication       : Starting ProjectOneApplication using Java 1.8.0_202 on LAPTOP-1J4JKG4H with PID 18292 (C:\Users\anand\IdeaProjects\ProjectOne1\target\classes started by anand in C:\Users\anand\IdeaProjects\ProjectOne1)
2022-06-07 14:12:03.915 [  ]  INFO 18292 --- [  restartedMain] com.revature.ProjectOneApplication       : No active profile set, falling back to default profiles: default
2022-06-07 14:12:19.241 [  ]  INFO 18292 --- [  restartedMain] com.revature.ProjectOneApplication       : Started ProjectOneApplication in 20.224 seconds (JVM running for 22.191)
2022-06-07 14:12:28.003 [ duration=839, requestId=cff50981-b55e-4d18-9d64-0b257b2978dd ]  INFO 18292 --- [io-8082-exec-10] com.revature.filters.DurationFilter      : Request has finished processing and took 839 ms
2022-06-07 14:23:21.521 [  ]  INFO 5376 --- [  restartedMain] com.revature.ProjectOneApplication       : Starting ProjectOneApplication using Java 1.8.0_202 on LAPTOP-1J4JKG4H with PID 5376 (C:\Users\anand\IdeaProjects\ProjectOne1\target\classes started by anand in C:\Users\anand\IdeaProjects\ProjectOne1)
2022-06-07 14:23:23.549 [  ]  INFO 5376 --- [  restartedMain] com.revature.ProjectOneApplication       : No active profile set, falling back to default profiles: default
2022-06-07 14:23:37.904 [  ]  INFO 5376 --- [  restartedMain] com.revature.ProjectOneApplication       : Started ProjectOneApplication in 19.176 seconds (JVM running for 21.019)
2022-06-07 14:24:13.980 [ duration=760, requestId=07682085-3d9f-4156-9357-80ad0cc5ce25 ]  INFO 5376 --- [nio-8082-exec-2] com.revature.filters.DurationFilter      : Request has finished processing and took 760 ms
2022-06-08 14:23:24.215 [  ]  INFO 5376 --- [  restartedMain] com.revature.ProjectOneApplication       : Starting ProjectOneApplication using Java 1.8.0_202 on LAPTOP-1J4JKG4H with PID 5376 (C:\Users\anand\IdeaProjects\ProjectOne1\target\classes started by anand in C:\Users\anand\IdeaProjects\ProjectOne1)
2022-06-08 14:23:26.610 [  ]  INFO 5376 --- [  restartedMain] com.revature.ProjectOneApplication       : No active profile set, falling back to default profiles: default
2022-06-08 14:23:33.027 [  ]  INFO 5376 --- [  restartedMain] com.revature.ProjectOneApplication       : Started ProjectOneApplication in 9.548 seconds (JVM running for 86425.726)
2022-06-08 14:23:38.888 [  ]  INFO 5376 --- [  restartedMain] com.revature.ProjectOneApplication       : Starting ProjectOneApplication using Java 1.8.0_202 on LAPTOP-1J4JKG4H with PID 5376 (C:\Users\anand\IdeaProjects\ProjectOne1\target\classes started by anand in C:\Users\anand\IdeaProjects\ProjectOne1)
2022-06-08 14:23:40.957 [  ]  INFO 5376 --- [  restartedMain] com.revature.ProjectOneApplication       : No active profile set, falling back to default profiles: default
2022-06-08 14:23:45.702 [  ]  INFO 5376 --- [  restartedMain] com.revature.ProjectOneApplication       : Started ProjectOneApplication in 8.909 seconds (JVM running for 86438.402)
2022-06-08 14:23:47.236 [  ]  INFO 18112 --- [           main] com.revature.DemoApplicationTests        : Starting DemoApplicationTests using Java 1.8.0_202 on LAPTOP-1J4JKG4H with PID 18112 (started by anand in C:\Users\anand\IdeaProjects\ProjectOne1)
2022-06-08 14:23:49.281 [  ]  INFO 18112 --- [           main] com.revature.DemoApplicationTests        : No active profile set, falling back to default profiles: default
2022-06-08 14:24:08.074 [  ]  INFO 18112 --- [           main] com.revature.DemoApplicationTests        : Started DemoApplicationTests in 24.884 seconds (JVM running for 28.624)
